<?xml version="1.0" encoding="UTF-8"?>
<!-- Generated by org.testng.reporters.JUnitXMLReporter -->
<testsuite ignored="0" hostname="DSs-MacBook-Pro" failures="0" tests="2" name="Default test" time="22.096" errors="0" timestamp="2022-02-22T15:22:26 PST">
  <testcase classname="io.cucumber.testng.AbstractTestNGCucumberTests" name="runScenario" time="9.612"/>
  <testcase classname="io.cucumber.testng.AbstractTestNGCucumberTests" name="runScenario" time="11.631"/>
</testsuite> <!-- Default test -->
