<?xml version="1.0" encoding="UTF-8"?>
<!-- Generated by org.testng.reporters.JUnitXMLReporter -->
<testsuite hostname="DSs-MacBook-Pro" ignored="0" name="Default test" tests="2" failures="0" timestamp="2022-03-01T19:04:29 PST" time="34.745" errors="0">
  <testcase name="runScenario" time="14.672" classname="io.cucumber.testng.AbstractTestNGCucumberTests"/>
  <testcase name="runScenario" time="15.345" classname="io.cucumber.testng.AbstractTestNGCucumberTests"/>
</testsuite> <!-- Default test -->
