<?xml version="1.0" encoding="UTF-8"?>
<testng-results skipped="0" failed="0" ignored="0" total="2" passed="2">
  <reporter-output>
  </reporter-output>
  <suite name="Default suite" duration-ms="34745" started-at="2022-03-01T19:03:55 PST" finished-at="2022-03-01T19:04:29 PST">
    <groups>
      <group name="cucumber">
        <method signature="AbstractTestNGCucumberTests.runScenario(io.cucumber.testng.PickleWrapper,io.cucumber.testng.FeatureWrapper)[pri:0, instance:com.restapi.cucumber.runner.TestRunner@37374a5e]" name="runScenario" class="io.cucumber.testng.AbstractTestNGCucumberTests"/>
      </group> <!-- cucumber -->
    </groups>
    <test name="Default test" duration-ms="34745" started-at="2022-03-01T19:03:55 PST" finished-at="2022-03-01T19:04:29 PST">
      <class name="com.restapi.cucumber.runner.TestRunner">
        <test-method status="PASS" signature="setUpClass(org.testng.ITestContext)[pri:0, instance:com.restapi.cucumber.runner.TestRunner@37374a5e]" name="setUpClass" is-config="true" duration-ms="646" started-at="2022-03-01T19:03:55 PST" finished-at="2022-03-01T19:03:55 PST">
          <params>
            <param index="0">
              <value>
                <![CDATA[org.testng.TestRunner@5d601832]]>
              </value>
            </param>
          </params>
          <reporter-output>
          </reporter-output>
        </test-method> <!-- setUpClass -->
        <test-method status="PASS" signature="setUp()[pri:0, instance:com.restapi.cucumber.runner.TestRunner@37374a5e]" name="setUp" is-config="true" duration-ms="270" started-at="2022-03-01T19:03:55 PST" finished-at="2022-03-01T19:03:56 PST">
          <reporter-output>
          </reporter-output>
        </test-method> <!-- setUp -->
        <test-method status="PASS" signature="runScenario(io.cucumber.testng.PickleWrapper,io.cucumber.testng.FeatureWrapper)[pri:0, instance:com.restapi.cucumber.runner.TestRunner@37374a5e]" name="runScenario" duration-ms="14672" started-at="2022-03-01T19:03:56 PST" description="Runs Cucumber Scenarios" data-provider="scenarios" finished-at="2022-03-01T19:04:10 PST">
          <params>
            <param index="0">
              <value>
                <![CDATA["checking add user end point"]]>
              </value>
            </param>
            <param index="1">
              <value>
                <![CDATA["Optional[Test AddUser API]"]]>
              </value>
            </param>
          </params>
          <reporter-output>
          </reporter-output>
        </test-method> <!-- runScenario -->
        <test-method status="PASS" signature="runScenario(io.cucumber.testng.PickleWrapper,io.cucumber.testng.FeatureWrapper)[pri:0, instance:com.restapi.cucumber.runner.TestRunner@37374a5e]" name="runScenario" duration-ms="15345" started-at="2022-03-01T19:04:10 PST" description="Runs Cucumber Scenarios" data-provider="scenarios" finished-at="2022-03-01T19:04:26 PST">
          <params>
            <param index="0">
              <value>
                <![CDATA["checking update end point"]]>
              </value>
            </param>
            <param index="1">
              <value>
                <![CDATA["Optional[Check Update User]"]]>
              </value>
            </param>
          </params>
          <reporter-output>
          </reporter-output>
        </test-method> <!-- runScenario -->
        <test-method status="PASS" signature="tearDownClass()[pri:0, instance:com.restapi.cucumber.runner.TestRunner@37374a5e]" name="tearDownClass" is-config="true" duration-ms="3784" started-at="2022-03-01T19:04:26 PST" finished-at="2022-03-01T19:04:29 PST">
          <reporter-output>
          </reporter-output>
        </test-method> <!-- tearDownClass -->
      </class> <!-- com.restapi.cucumber.runner.TestRunner -->
    </test> <!-- Default test -->
  </suite> <!-- Default suite -->
</testng-results>
