<?xml version="1.0" encoding="UTF-8"?>
<testng-results ignored="0" total="2" passed="2" failed="0" skipped="0">
  <reporter-output>
  </reporter-output>
  <suite started-at="2022-02-22T15:22:04 PST" name="Default suite" finished-at="2022-02-22T15:22:26 PST" duration-ms="22096">
    <groups>
      <group name="cucumber">
        <method signature="AbstractTestNGCucumberTests.runScenario(io.cucumber.testng.PickleWrapper,io.cucumber.testng.FeatureWrapper)[pri:0, instance:com.restapi.cucumber.runner.TestRunner@75329a49]" name="runScenario" class="io.cucumber.testng.AbstractTestNGCucumberTests"/>
      </group> <!-- cucumber -->
    </groups>
    <test started-at="2022-02-22T15:22:04 PST" name="Default test" finished-at="2022-02-22T15:22:26 PST" duration-ms="22096">
      <class name="com.restapi.cucumber.runner.TestRunner">
        <test-method is-config="true" signature="setUpClass(org.testng.ITestContext)[pri:0, instance:com.restapi.cucumber.runner.TestRunner@75329a49]" started-at="2022-02-22T15:22:04 PST" name="setUpClass" finished-at="2022-02-22T15:22:04 PST" duration-ms="377" status="PASS">
          <params>
            <param index="0">
              <value>
                <![CDATA[org.testng.TestRunner@3dde5f38]]>
              </value>
            </param>
          </params>
          <reporter-output>
          </reporter-output>
        </test-method> <!-- setUpClass -->
        <test-method is-config="true" signature="setUp()[pri:0, instance:com.restapi.cucumber.runner.TestRunner@75329a49]" started-at="2022-02-22T15:22:04 PST" name="setUp" finished-at="2022-02-22T15:22:04 PST" duration-ms="413" status="PASS">
          <reporter-output>
          </reporter-output>
        </test-method> <!-- setUp -->
        <test-method signature="runScenario(io.cucumber.testng.PickleWrapper,io.cucumber.testng.FeatureWrapper)[pri:0, instance:com.restapi.cucumber.runner.TestRunner@75329a49]" started-at="2022-02-22T15:22:04 PST" name="runScenario" description="Runs Cucumber Scenarios" data-provider="scenarios" finished-at="2022-02-22T15:22:14 PST" duration-ms="9612" status="PASS">
          <params>
            <param index="0">
              <value>
                <![CDATA["checking add user end point"]]>
              </value>
            </param>
            <param index="1">
              <value>
                <![CDATA["Optional[Test AddUser API]"]]>
              </value>
            </param>
          </params>
          <reporter-output>
          </reporter-output>
        </test-method> <!-- runScenario -->
        <test-method signature="runScenario(io.cucumber.testng.PickleWrapper,io.cucumber.testng.FeatureWrapper)[pri:0, instance:com.restapi.cucumber.runner.TestRunner@75329a49]" started-at="2022-02-22T15:22:14 PST" name="runScenario" description="Runs Cucumber Scenarios" data-provider="scenarios" finished-at="2022-02-22T15:22:26 PST" duration-ms="11631" status="PASS">
          <params>
            <param index="0">
              <value>
                <![CDATA["checking update end point"]]>
              </value>
            </param>
            <param index="1">
              <value>
                <![CDATA["Optional[Check Update User]"]]>
              </value>
            </param>
          </params>
          <reporter-output>
          </reporter-output>
        </test-method> <!-- runScenario -->
        <test-method is-config="true" signature="tearDownClass()[pri:0, instance:com.restapi.cucumber.runner.TestRunner@75329a49]" started-at="2022-02-22T15:22:26 PST" name="tearDownClass" finished-at="2022-02-22T15:22:26 PST" duration-ms="32" status="PASS">
          <reporter-output>
          </reporter-output>
        </test-method> <!-- tearDownClass -->
      </class> <!-- com.restapi.cucumber.runner.TestRunner -->
    </test> <!-- Default test -->
  </suite> <!-- Default suite -->
</testng-results>
